phish_app/app/build/intermediates/manifest_merge_blame_file/debug/manifest-merger-blame-debug-report.txt
1<?xml version="1.0" encoding="utf-8"?>
2<manifest xmlns:android="http://schemas.android.com/apk/res/android"
3    package="com.lezgin.phishsim"
4    android:versionCode="1"
5    android:versionName="1.0" >
6
7    <uses-sdk
8        android:minSdkVersion="24"
9        android:targetSdkVersion="34" />
10
11    <uses-permission android:name="android.permission.INTERNET" />
11-->src/main/AndroidManifest.xml:5:5-67
11-->src/main/AndroidManifest.xml:5:22-64
12    <uses-permission android:name="android.permission.ACCESS_FINE_LOCATION" />
12-->src/main/AndroidManifest.xml:6:5-79
12-->src/main/AndroidManifest.xml:6:22-76
13    <uses-permission android:name="android.permission.CAMERA" />
13-->src/main/AndroidManifest.xml:7:5-65
13-->src/main/AndroidManifest.xml:7:22-62
14
15    <permission
15-->[androidx.core:core:1.9.0] AndroidManifest.xml:22:5-24:47
16        android:name="com.lezgin.phishsim.DYNAMIC_RECEIVER_NOT_EXPORTED_PERMISSION"
16-->[androidx.core:core:1.9.0] AndroidManifest.xml:23:9-81
17        android:protectionLevel="signature" />
17-->[androidx.core:core:1.9.0] AndroidManifest.xml:24:9-44
18
19    <uses-permission android:name="com.lezgin.phishsim.DYNAMIC_RECEIVER_NOT_EXPORTED_PERMISSION" />
19-->[androidx.core:core:1.9.0] AndroidManifest.xml:26:5-97
19-->[androidx.core:core:1.9.0] AndroidManifest.xml:26:22-94
20
21    <application
21-->src/main/AndroidManifest.xml:9:5-19:19
22        android:allowBackup="true"
22-->src/main/AndroidManifest.xml:10:9-35
23        android:appComponentFactory="androidx.core.app.CoreComponentFactory"
23-->[androidx.core:core:1.9.0] AndroidManifest.xml:28:18-86
24        android:debuggable="true"
25        android:extractNativeLibs="false"
26        android:label="Yoki Bank Digital"
26-->src/main/AndroidManifest.xml:11:9-42
27        android:theme="@style/Theme.AppCompat.Light.NoActionBar" >
27-->src/main/AndroidManifest.xml:12:9-65
28        <activity
28-->src/main/AndroidManifest.xml:13:9-18:20
29            android:name="com.lezgin.phishsim.MainActivity"
29-->src/main/AndroidManifest.xml:13:19-47
30            android:exported="true" >
30-->src/main/AndroidManifest.xml:13:48-71
31            <intent-filter>
31-->src/main/AndroidManifest.xml:14:13-17:29
32                <action android:name="android.intent.action.MAIN" />
32-->src/main/AndroidManifest.xml:15:17-69
32-->src/main/AndroidManifest.xml:15:25-66
33
34                <category android:name="android.intent.category.LAUNCHER" />
34-->src/main/AndroidManifest.xml:16:17-77
34-->src/main/AndroidManifest.xml:16:27-74
35            </intent-filter>
36        </activity>
37
38        <provider
38-->[androidx.emoji2:emoji2:1.2.0] AndroidManifest.xml:24:9-32:20
39            android:name="androidx.startup.InitializationProvider"
39-->[androidx.emoji2:emoji2:1.2.0] AndroidManifest.xml:25:13-67
40            android:authorities="com.lezgin.phishsim.androidx-startup"
40-->[androidx.emoji2:emoji2:1.2.0] AndroidManifest.xml:26:13-68
41            android:exported="false" >
41-->[androidx.emoji2:emoji2:1.2.0] AndroidManifest.xml:27:13-37
42            <meta-data
42-->[androidx.emoji2:emoji2:1.2.0] AndroidManifest.xml:29:13-31:52
43                android:name="androidx.emoji2.text.EmojiCompatInitializer"
43-->[androidx.emoji2:emoji2:1.2.0] AndroidManifest.xml:30:17-75
44                android:value="androidx.startup" />
44-->[androidx.emoji2:emoji2:1.2.0] AndroidManifest.xml:31:17-49
45            <meta-data
45-->[androidx.lifecycle:lifecycle-process:2.4.1] AndroidManifest.xml:31:13-33:52
46                android:name="androidx.lifecycle.ProcessLifecycleInitializer"
46-->[androidx.lifecycle:lifecycle-process:2.4.1] AndroidManifest.xml:32:17-78
47                android:value="androidx.startup" />
47-->[androidx.lifecycle:lifecycle-process:2.4.1] AndroidManifest.xml:33:17-49
48        </provider>
49    </application>
50
51</manifest>